#
# A fatal error has been detected by the Java Runtime Environment:
#
#  Internal Error (javaClasses.cpp:136), pid=1620, tid=4604
#  fatal error: Invalid layout of preloaded class
#
# JRE version:  (7.0_40-b43) (build )
# Java VM: Java HotSpot(TM) 64-Bit Server VM (24.0-b56 mixed mode windows-amd64 compressed oops)
# Failed to write core dump. Minidumps are not enabled by default on client versions of Windows
#
# If you would like to submit a bug report, please visit:
#   http://bugreport.sun.com/bugreport/crash.jsp
#

---------------  T H R E A D  ---------------

Current thread (0x000000000060e000):  JavaThread "Unknown thread" [_thread_in_vm, id=4604, stack(0x00000000024d0000,0x00000000025d0000)]

Stack: [0x00000000024d0000,0x00000000025d0000]

---------------  P R O C E S S  ---------------

Java Threads: ( => current thread )

Other Threads:

=>0x000000000060e000 (exited) JavaThread "Unknown thread" [_thread_in_vm, id=4604, stack(0x00000000024d0000,0x00000000025d0000)]

VM state:not at safepoint (not fully initialized)

VM Mutex/Monitor currently owned by a thread: None

GC Heap History (0 events):
No events

Deoptimization events (0 events):
No events

Internal exceptions (0 events):
No events

Events (10 events):
Event: 0.015 loading class 0x000000000231cb20 done
Event: 0.015 loading class 0x000000000231c540 done
Event: 0.015 loading class 0x000000000231c520
Event: 0.015 loading class 0x0000000002324620
Event: 0.015 loading class 0x0000000002324620 done
Event: 0.015 loading class 0x0000000002324650
Event: 0.015 loading class 0x0000000002324650 done
Event: 0.015 loading class 0x0000000002324680
Event: 0.015 loading class 0x0000000002324680 done
Event: 0.015 loading class 0x000000000231c520 done


Dynamic libraries:
0x000000013ffa0000 - 0x000000013ffd3000 	C:\Program Files\Java\jre7\bin\javaw.exe
0x00000000778e0000 - 0x0000000077a89000 	C:\windows\SYSTEM32\ntdll.dll
0x000000006ef70000 - 0x000000006efbe000 	C:\Program Files\AVAST Software\Avast\snxhk64.dll
0x00000000777c0000 - 0x00000000778df000 	C:\windows\system32\KERNEL32.dll
0x000007fefd8d0000 - 0x000007fefd93b000 	C:\windows\system32\KERNELBASE.dll
0x000007feff150000 - 0x000007feff22b000 	C:\windows\system32\ADVAPI32.dll
0x000007feff8c0000 - 0x000007feff95f000 	C:\windows\system32\msvcrt.dll
0x000007fefdc20000 - 0x000007fefdc3f000 	C:\windows\SYSTEM32\sechost.dll
0x000007fefed70000 - 0x000007fefee9d000 	C:\windows\system32\RPCRT4.dll
0x00000000776c0000 - 0x00000000777ba000 	C:\windows\system32\USER32.dll
0x000007feff610000 - 0x000007feff677000 	C:\windows\system32\GDI32.dll
0x000007feffb40000 - 0x000007feffb4e000 	C:\windows\system32\LPK.dll
0x000007feff3c0000 - 0x000007feff489000 	C:\windows\system32\USP10.dll
0x000007fefc110000 - 0x000007fefc304000 	C:\windows\WinSxS\amd64_microsoft.windows.common-controls_6595b64144ccf1df_6.0.7601.17514_none_fa396087175ac9ac\COMCTL32.dll
0x000007feff4b0000 - 0x000007feff521000 	C:\windows\system32\SHLWAPI.dll
0x000007feff530000 - 0x000007feff55e000 	C:\windows\system32\IMM32.DLL
0x000007feff2b0000 - 0x000007feff3b9000 	C:\windows\system32\MSCTF.dll
0x000000006d0b0000 - 0x000000006d181000 	C:\Program Files\Java\jre7\bin\msvcr100.dll
0x0000000065200000 - 0x00000000659c9000 	C:\Program Files\Java\jre7\bin\server\jvm.dll
0x000007fef8af0000 - 0x000007fef8af9000 	C:\windows\system32\WSOCK32.dll
0x000007fefed20000 - 0x000007fefed6d000 	C:\windows\system32\WS2_32.dll
0x000007feff600000 - 0x000007feff608000 	C:\windows\system32\NSI.dll
0x000007fefb590000 - 0x000007fefb5cb000 	C:\windows\system32\WINMM.dll
0x0000000077aa0000 - 0x0000000077aa7000 	C:\windows\system32\PSAPI.DLL
0x000000006eb90000 - 0x000000006eb9f000 	C:\Program Files\Java\jre7\bin\verify.dll
0x000000006e710000 - 0x000000006e738000 	C:\Program Files\Java\jre7\bin\java.dll
0x000000006e990000 - 0x000000006e9a5000 	C:\Program Files\Java\jre7\bin\zip.dll

VM Arguments:
jvm_args: -Dfile.encoding=Cp1252 -Xbootclasspath:C:\Users\TOSHIBA\Documents\Software Development\adt-bundle-windows-x86_64-20131030\sdk\platforms\android-19\android.jar 
java_command: MainClass
Launcher Type: SUN_STANDARD

Environment Variables:
CLASSPATH=.;C:\Program Files (x86)\Java\jre7\lib\ext\QTJava.zip
PATH=C:\Program Files\Common Files\Microsoft Shared\Windows Live;C:\Program Files (x86)\Common Files\Microsoft Shared\Windows Live;C:\Program Files (x86)\Intel\iCLS Client\;C:\Program Files\Intel\iCLS Client\;C:\windows\system32;C:\windows;C:\windows\System32\Wbem;C:\windows\System32\WindowsPowerShell\v1.0\;C:\Program Files\Intel\Intel(R) Management Engine Components\DAL;C:\Program Files\Intel\Intel(R) Management Engine Components\IPT;C:\Program Files (x86)\Intel\Intel(R) Management Engine Components\DAL;C:\Program Files (x86)\Intel\Intel(R) Management Engine Components\IPT;C:\Program Files (x86)\Intel\OpenCL SDK\2.0\bin\x86;C:\Program Files (x86)\Intel\OpenCL SDK\2.0\bin\x64;C:\Program Files\Intel\WiFi\bin\;C:\Program Files\Common Files\Intel\WirelessCommon\;C:\Program Files (x86)\Toshiba\Bluetooth Toshiba Stack\sys\;C:\Program Files (x86)\Toshiba\Bluetooth Toshiba Stack\sys\x64\;C:\Program Files (x86)\Windows Live\Shared;C:\Program Files\MATLAB\R2011a\runtime\win64;C:\Program Files\MATLAB\R2011a\bin;C:\Program Files (x86)\QuickTime\QTSystem\;C:\Program Files (x86)\Git\cmd;C:\Users\TOSHIBA\Anaconda;C:\Users\TOSHIBA\Anaconda\Scripts
USERNAME=TOSHIBA
OS=Windows_NT
PROCESSOR_IDENTIFIER=Intel64 Family 6 Model 58 Stepping 9, GenuineIntel



---------------  S Y S T E M  ---------------

OS: Windows 7 , 64 bit Build 7601 Service Pack 1

CPU:total 4 (2 cores per cpu, 2 threads per core) family 6 model 58 stepping 9, cmov, cx8, fxsr, mmx, sse, sse2, sse3, ssse3, sse4.1, sse4.2, popcnt, avx, aes, erms, ht, tsc, tscinvbit, tscinv

Memory: 4k page, physical 6183084k(3127584k free), swap 12364304k(8693920k free)

vm_info: Java HotSpot(TM) 64-Bit Server VM (24.0-b56) for windows-amd64 JRE (1.7.0_40-b43), built on Aug 26 2013 22:38:32 by "java_re" with unknown MS VC++:1600

time: Sat Jan 25 19:47:12 2014
elapsed time: 0 seconds

